<?xml version="1.0" encoding="UTF-8"?>
<!-- Generated by org.testng.reporters.JUnitXMLReporter -->
<testsuite hostname="DESKTOP-P2HH5V2" name="Rest Assured Test" tests="16" failures="0" timestamp="28 Feb 2022 10:49:48 GMT" time="12.122" errors="0">
  <testcase name="checkResponseBody" time="0.014" classname="com.testCases.SampleGetTestCase001"/>
  <testcase name="checkResponseTime" time="0.006" classname="com.testCases.SampleGetTestCase001"/>
  <testcase name="checkStatusLine" time="0.004" classname="com.testCases.SampleGetTestCase001"/>
  <testcase name="checkStausCode" time="0.005" classname="com.testCases.SampleGetTestCase001"/>
  <testcase name="checkResponseBody" time="0.036" classname="com.testCases.SamplePostTestCase002"/>
  <testcase name="checkResponseTime" time="0.006" classname="com.testCases.SamplePostTestCase002"/>
  <testcase name="checkStatusLine" time="0.002" classname="com.testCases.SamplePostTestCase002"/>
  <testcase name="checkStausCode" time="0.008" classname="com.testCases.SamplePostTestCase002"/>
  <testcase name="checkResponseBody" time="0.006" classname="com.testCases.SamplePutTestCase003"/>
  <testcase name="checkResponseTime" time="0.003" classname="com.testCases.SamplePutTestCase003"/>
  <testcase name="checkStatusLine" time="0.002" classname="com.testCases.SamplePutTestCase003"/>
  <testcase name="checkStausCode" time="0.002" classname="com.testCases.SamplePutTestCase003"/>
  <testcase name="checkResponse" time="0.003" classname="com.testCases.SampleDeleteTestCase004"/>
  <testcase name="checkResponseTime" time="0.005" classname="com.testCases.SampleDeleteTestCase004"/>
  <testcase name="checkStatusLine" time="0.002" classname="com.testCases.SampleDeleteTestCase004"/>
  <testcase name="checkStausCode" time="0.004" classname="com.testCases.SampleDeleteTestCase004"/>
</testsuite> <!-- Rest Assured Test -->
