<?xml version="1.0" encoding="UTF-8"?>
<testng-results skipped="0" failed="0" total="16" passed="16">
  <reporter-output>
  </reporter-output>
  <suite name="RestAssuredSampleTestingSuite" duration-ms="12122" started-at="2022-02-28T10:49:36Z" finished-at="2022-02-28T10:49:48Z">
    <groups>
    </groups>
    <test name="Rest Assured Test" duration-ms="12122" started-at="2022-02-28T10:49:36Z" finished-at="2022-02-28T10:49:48Z">
      <class name="com.testCases.SamplePostTestCase002">
        <test-method status="PASS" signature="setup()[pri:0, instance:com.testCases.SamplePostTestCase002@5a39699c]" name="setup" is-config="true" duration-ms="2" started-at="2022-02-28T16:19:40Z" finished-at="2022-02-28T16:19:40Z">
          <reporter-output>
          </reporter-output>
        </test-method> <!-- setup -->
        <test-method status="PASS" signature="getAllUsers()[pri:0, instance:com.testCases.SamplePostTestCase002@5a39699c]" name="getAllUsers" is-config="true" duration-ms="1645" started-at="2022-02-28T16:19:40Z" finished-at="2022-02-28T16:19:42Z">
          <reporter-output>
          </reporter-output>
        </test-method> <!-- getAllUsers -->
        <test-method status="PASS" signature="checkResponseBody()[pri:0, instance:com.testCases.SamplePostTestCase002@5a39699c]" name="checkResponseBody" duration-ms="36" started-at="2022-02-28T16:19:42Z" finished-at="2022-02-28T16:19:42Z">
          <reporter-output>
          </reporter-output>
        </test-method> <!-- checkResponseBody -->
        <test-method status="PASS" signature="checkResponseTime()[pri:0, instance:com.testCases.SamplePostTestCase002@5a39699c]" name="checkResponseTime" duration-ms="6" started-at="2022-02-28T16:19:42Z" finished-at="2022-02-28T16:19:42Z">
          <reporter-output>
          </reporter-output>
        </test-method> <!-- checkResponseTime -->
        <test-method status="PASS" signature="checkStatusLine()[pri:0, instance:com.testCases.SamplePostTestCase002@5a39699c]" name="checkStatusLine" duration-ms="2" started-at="2022-02-28T16:19:42Z" finished-at="2022-02-28T16:19:42Z">
          <reporter-output>
          </reporter-output>
        </test-method> <!-- checkStatusLine -->
        <test-method status="PASS" signature="checkStausCode()[pri:0, instance:com.testCases.SamplePostTestCase002@5a39699c]" name="checkStausCode" duration-ms="8" started-at="2022-02-28T16:19:42Z" finished-at="2022-02-28T16:19:42Z">
          <reporter-output>
          </reporter-output>
        </test-method> <!-- checkStausCode -->
        <test-method status="PASS" signature="tearDown()[pri:0, instance:com.testCases.SamplePostTestCase002@5a39699c]" name="tearDown" is-config="true" duration-ms="2" started-at="2022-02-28T16:19:42Z" finished-at="2022-02-28T16:19:42Z">
          <reporter-output>
          </reporter-output>
        </test-method> <!-- tearDown -->
      </class> <!-- com.testCases.SamplePostTestCase002 -->
      <class name="com.testCases.SamplePutTestCase003">
        <test-method status="PASS" signature="setup()[pri:0, instance:com.testCases.SamplePutTestCase003@3cb5cdba]" name="setup" is-config="true" duration-ms="2" started-at="2022-02-28T16:19:42Z" finished-at="2022-02-28T16:19:42Z">
          <reporter-output>
          </reporter-output>
        </test-method> <!-- setup -->
        <test-method status="PASS" signature="putReqeuestTest()[pri:0, instance:com.testCases.SamplePutTestCase003@3cb5cdba]" name="putReqeuestTest" is-config="true" duration-ms="1445" started-at="2022-02-28T16:19:42Z" finished-at="2022-02-28T16:19:43Z">
          <reporter-output>
          </reporter-output>
        </test-method> <!-- putReqeuestTest -->
        <test-method status="PASS" signature="checkResponseBody()[pri:0, instance:com.testCases.SamplePutTestCase003@3cb5cdba]" name="checkResponseBody" duration-ms="6" started-at="2022-02-28T16:19:43Z" finished-at="2022-02-28T16:19:44Z">
          <reporter-output>
          </reporter-output>
        </test-method> <!-- checkResponseBody -->
        <test-method status="PASS" signature="checkResponseTime()[pri:0, instance:com.testCases.SamplePutTestCase003@3cb5cdba]" name="checkResponseTime" duration-ms="3" started-at="2022-02-28T16:19:44Z" finished-at="2022-02-28T16:19:44Z">
          <reporter-output>
          </reporter-output>
        </test-method> <!-- checkResponseTime -->
        <test-method status="PASS" signature="checkStatusLine()[pri:0, instance:com.testCases.SamplePutTestCase003@3cb5cdba]" name="checkStatusLine" duration-ms="2" started-at="2022-02-28T16:19:44Z" finished-at="2022-02-28T16:19:44Z">
          <reporter-output>
          </reporter-output>
        </test-method> <!-- checkStatusLine -->
        <test-method status="PASS" signature="checkStausCode()[pri:0, instance:com.testCases.SamplePutTestCase003@3cb5cdba]" name="checkStausCode" duration-ms="2" started-at="2022-02-28T16:19:44Z" finished-at="2022-02-28T16:19:44Z">
          <reporter-output>
          </reporter-output>
        </test-method> <!-- checkStausCode -->
        <test-method status="PASS" signature="tearDown()[pri:0, instance:com.testCases.SamplePutTestCase003@3cb5cdba]" name="tearDown" is-config="true" duration-ms="1" started-at="2022-02-28T16:19:44Z" finished-at="2022-02-28T16:19:44Z">
          <reporter-output>
          </reporter-output>
        </test-method> <!-- tearDown -->
      </class> <!-- com.testCases.SamplePutTestCase003 -->
      <class name="com.testCases.SampleDeleteTestCase004">
        <test-method status="PASS" signature="setup()[pri:0, instance:com.testCases.SampleDeleteTestCase004@1134affc]" name="setup" is-config="true" duration-ms="6" started-at="2022-02-28T16:19:44Z" finished-at="2022-02-28T16:19:44Z">
          <reporter-output>
          </reporter-output>
        </test-method> <!-- setup -->
        <test-method status="PASS" signature="deleteTestCase()[pri:0, instance:com.testCases.SampleDeleteTestCase004@1134affc]" name="deleteTestCase" is-config="true" duration-ms="4115" started-at="2022-02-28T16:19:44Z" finished-at="2022-02-28T16:19:48Z">
          <reporter-output>
          </reporter-output>
        </test-method> <!-- deleteTestCase -->
        <test-method status="PASS" signature="checkResponse()[pri:0, instance:com.testCases.SampleDeleteTestCase004@1134affc]" name="checkResponse" duration-ms="3" started-at="2022-02-28T16:19:48Z" finished-at="2022-02-28T16:19:48Z">
          <reporter-output>
          </reporter-output>
        </test-method> <!-- checkResponse -->
        <test-method status="PASS" signature="checkResponseTime()[pri:0, instance:com.testCases.SampleDeleteTestCase004@1134affc]" name="checkResponseTime" duration-ms="5" started-at="2022-02-28T16:19:48Z" finished-at="2022-02-28T16:19:48Z">
          <reporter-output>
          </reporter-output>
        </test-method> <!-- checkResponseTime -->
        <test-method status="PASS" signature="checkStatusLine()[pri:0, instance:com.testCases.SampleDeleteTestCase004@1134affc]" name="checkStatusLine" duration-ms="2" started-at="2022-02-28T16:19:48Z" finished-at="2022-02-28T16:19:48Z">
          <reporter-output>
          </reporter-output>
        </test-method> <!-- checkStatusLine -->
        <test-method status="PASS" signature="checkStausCode()[pri:0, instance:com.testCases.SampleDeleteTestCase004@1134affc]" name="checkStausCode" duration-ms="4" started-at="2022-02-28T16:19:48Z" finished-at="2022-02-28T16:19:48Z">
          <reporter-output>
          </reporter-output>
        </test-method> <!-- checkStausCode -->
        <test-method status="PASS" signature="tearDown()[pri:0, instance:com.testCases.SampleDeleteTestCase004@1134affc]" name="tearDown" is-config="true" duration-ms="2" started-at="2022-02-28T16:19:48Z" finished-at="2022-02-28T16:19:48Z">
          <reporter-output>
          </reporter-output>
        </test-method> <!-- tearDown -->
      </class> <!-- com.testCases.SampleDeleteTestCase004 -->
      <class name="com.testCases.SampleGetTestCase001">
        <test-method status="PASS" signature="setup()[pri:0, instance:com.testCases.SampleGetTestCase001@11531931]" name="setup" is-config="true" duration-ms="180" started-at="2022-02-28T16:19:36Z" finished-at="2022-02-28T16:19:36Z">
          <reporter-output>
          </reporter-output>
        </test-method> <!-- setup -->
        <test-method status="PASS" signature="getAllUsers()[pri:0, instance:com.testCases.SampleGetTestCase001@11531931]" name="getAllUsers" is-config="true" duration-ms="4541" started-at="2022-02-28T16:19:36Z" finished-at="2022-02-28T16:19:40Z">
          <reporter-output>
          </reporter-output>
        </test-method> <!-- getAllUsers -->
        <test-method status="PASS" signature="checkResponseBody()[pri:0, instance:com.testCases.SampleGetTestCase001@11531931]" name="checkResponseBody" duration-ms="14" started-at="2022-02-28T16:19:40Z" finished-at="2022-02-28T16:19:40Z">
          <reporter-output>
          </reporter-output>
        </test-method> <!-- checkResponseBody -->
        <test-method status="PASS" signature="checkResponseTime()[pri:0, instance:com.testCases.SampleGetTestCase001@11531931]" name="checkResponseTime" duration-ms="6" started-at="2022-02-28T16:19:40Z" finished-at="2022-02-28T16:19:40Z">
          <reporter-output>
          </reporter-output>
        </test-method> <!-- checkResponseTime -->
        <test-method status="PASS" signature="checkStatusLine()[pri:0, instance:com.testCases.SampleGetTestCase001@11531931]" name="checkStatusLine" duration-ms="4" started-at="2022-02-28T16:19:40Z" finished-at="2022-02-28T16:19:40Z">
          <reporter-output>
          </reporter-output>
        </test-method> <!-- checkStatusLine -->
        <test-method status="PASS" signature="checkStausCode()[pri:0, instance:com.testCases.SampleGetTestCase001@11531931]" name="checkStausCode" duration-ms="5" started-at="2022-02-28T16:19:40Z" finished-at="2022-02-28T16:19:40Z">
          <reporter-output>
          </reporter-output>
        </test-method> <!-- checkStausCode -->
        <test-method status="PASS" signature="tearDown()[pri:0, instance:com.testCases.SampleGetTestCase001@11531931]" name="tearDown" is-config="true" duration-ms="1" started-at="2022-02-28T16:19:40Z" finished-at="2022-02-28T16:19:40Z">
          <reporter-output>
          </reporter-output>
        </test-method> <!-- tearDown -->
      </class> <!-- com.testCases.SampleGetTestCase001 -->
    </test> <!-- Rest Assured Test -->
  </suite> <!-- RestAssuredSampleTestingSuite -->
</testng-results>
